<?xml version="1.0" encoding="UTF-8"?>
<testng-results ignored="0" total="15" passed="15" failed="0" skipped="0">
  <reporter-output>
  </reporter-output>
  <suite started-at="2023-12-12T11:44:57 IST" name="Default suite" finished-at="2023-12-12T11:45:09 IST" duration-ms="12206">
    <groups>
    </groups>
    <test started-at="2023-12-12T11:44:57 IST" name="Default test" finished-at="2023-12-12T11:45:09 IST" duration-ms="12206">
      <class name="testSuite.SocialMediaLinks">
        <test-method is-config="true" signature="beforeTests()[pri:0, instance:testSuite.SocialMediaLinks@546621c4]" started-at="2023-12-12T11:44:57 IST" name="beforeTests" finished-at="2023-12-12T11:44:57 IST" duration-ms="204" status="PASS">
          <reporter-output>
          </reporter-output>
        </test-method> <!-- beforeTests -->
        <test-method signature="website_launched_with_the_url()[pri:1, instance:testSuite.SocialMediaLinks@546621c4]" started-at="2023-12-12T11:44:57 IST" name="website_launched_with_the_url" finished-at="2023-12-12T11:44:57 IST" duration-ms="22" status="PASS">
          <reporter-output>
          </reporter-output>
        </test-method> <!-- website_launched_with_the_url -->
        <test-method signature="Hover_on_facebook_icon1_and_click_on_facebook_icon1l()[pri:2, instance:testSuite.SocialMediaLinks@546621c4]" started-at="2023-12-12T11:44:57 IST" name="Hover_on_facebook_icon1_and_click_on_facebook_icon1l" finished-at="2023-12-12T11:44:59 IST" duration-ms="1532" status="PASS">
          <reporter-output>
          </reporter-output>
        </test-method> <!-- Hover_on_facebook_icon1_and_click_on_facebook_icon1l -->
        <test-method signature="KSGCollege_Facebook_page_should_display1()[pri:3, instance:testSuite.SocialMediaLinks@546621c4]" started-at="2023-12-12T11:44:59 IST" name="KSGCollege_Facebook_page_should_display1" finished-at="2023-12-12T11:44:59 IST" duration-ms="4" status="PASS">
          <reporter-output>
          </reporter-output>
        </test-method> <!-- KSGCollege_Facebook_page_should_display1 -->
        <test-method signature="Hover_on_facebook_icon2_and_click_on_facebook_icon2()[pri:4, instance:testSuite.SocialMediaLinks@546621c4]" started-at="2023-12-12T11:44:59 IST" name="Hover_on_facebook_icon2_and_click_on_facebook_icon2" finished-at="2023-12-12T11:44:59 IST" duration-ms="212" status="PASS">
          <reporter-output>
          </reporter-output>
        </test-method> <!-- Hover_on_facebook_icon2_and_click_on_facebook_icon2 -->
        <test-method signature="KSGCollege_Facebook_page_should_display2()[pri:5, instance:testSuite.SocialMediaLinks@546621c4]" started-at="2023-12-12T11:44:59 IST" name="KSGCollege_Facebook_page_should_display2" finished-at="2023-12-12T11:44:59 IST" duration-ms="1" status="PASS">
          <reporter-output>
          </reporter-output>
        </test-method> <!-- KSGCollege_Facebook_page_should_display2 -->
        <test-method signature="Hover_on_youtube_icon_and_click_on_youtube_icon()[pri:6, instance:testSuite.SocialMediaLinks@546621c4]" started-at="2023-12-12T11:44:59 IST" name="Hover_on_youtube_icon_and_click_on_youtube_icon" finished-at="2023-12-12T11:45:06 IST" duration-ms="7157" status="PASS">
          <reporter-output>
          </reporter-output>
        </test-method> <!-- Hover_on_youtube_icon_and_click_on_youtube_icon -->
        <test-method signature="KSGCollege_youtube_page_should_display()[pri:7, instance:testSuite.SocialMediaLinks@546621c4]" started-at="2023-12-12T11:45:06 IST" name="KSGCollege_youtube_page_should_display" finished-at="2023-12-12T11:45:06 IST" duration-ms="3" status="PASS">
          <reporter-output>
          </reporter-output>
        </test-method> <!-- KSGCollege_youtube_page_should_display -->
        <test-method signature="Hover_on_instagram_icon1_and_click_on_instagram_icon1l()[pri:8, instance:testSuite.SocialMediaLinks@546621c4]" started-at="2023-12-12T11:45:06 IST" name="Hover_on_instagram_icon1_and_click_on_instagram_icon1l" finished-at="2023-12-12T11:45:08 IST" duration-ms="1891" status="PASS">
          <reporter-output>
          </reporter-output>
        </test-method> <!-- Hover_on_instagram_icon1_and_click_on_instagram_icon1l -->
        <test-method signature="KSGCollege_instagram_page_should_display1()[pri:9, instance:testSuite.SocialMediaLinks@546621c4]" started-at="2023-12-12T11:45:08 IST" name="KSGCollege_instagram_page_should_display1" finished-at="2023-12-12T11:45:08 IST" duration-ms="2" status="PASS">
          <reporter-output>
          </reporter-output>
        </test-method> <!-- KSGCollege_instagram_page_should_display1 -->
        <test-method signature="Hover_on_instagram_icon2_and_click_on_instagram_icon2()[pri:10, instance:testSuite.SocialMediaLinks@546621c4]" started-at="2023-12-12T11:45:08 IST" name="Hover_on_instagram_icon2_and_click_on_instagram_icon2" finished-at="2023-12-12T11:45:08 IST" duration-ms="246" status="PASS">
          <reporter-output>
          </reporter-output>
        </test-method> <!-- Hover_on_instagram_icon2_and_click_on_instagram_icon2 -->
        <test-method signature="KSGCollege_instagram_page_should_display2()[pri:11, instance:testSuite.SocialMediaLinks@546621c4]" started-at="2023-12-12T11:45:08 IST" name="KSGCollege_instagram_page_should_display2" finished-at="2023-12-12T11:45:08 IST" duration-ms="2" status="PASS">
          <reporter-output>
          </reporter-output>
        </test-method> <!-- KSGCollege_instagram_page_should_display2 -->
        <test-method signature="Hover_on_twitter_icon_and_click_on_twitter_icon()[pri:12, instance:testSuite.SocialMediaLinks@546621c4]" started-at="2023-12-12T11:45:08 IST" name="Hover_on_twitter_icon_and_click_on_twitter_icon" finished-at="2023-12-12T11:45:08 IST" duration-ms="227" status="PASS">
          <reporter-output>
          </reporter-output>
        </test-method> <!-- Hover_on_twitter_icon_and_click_on_twitter_icon -->
        <test-method signature="KSGCollege_twitter_page_should_display()[pri:13, instance:testSuite.SocialMediaLinks@546621c4]" started-at="2023-12-12T11:45:08 IST" name="KSGCollege_twitter_page_should_display" finished-at="2023-12-12T11:45:08 IST" duration-ms="2" status="PASS">
          <reporter-output>
          </reporter-output>
        </test-method> <!-- KSGCollege_twitter_page_should_display -->
        <test-method signature="Hover_on_Google_Plus_icon_and_click_on_Google_Plus_icon()[pri:14, instance:testSuite.SocialMediaLinks@546621c4]" started-at="2023-12-12T11:45:08 IST" name="Hover_on_Google_Plus_icon_and_click_on_Google_Plus_icon" finished-at="2023-12-12T11:45:09 IST" duration-ms="243" status="PASS">
          <reporter-output>
          </reporter-output>
        </test-method> <!-- Hover_on_Google_Plus_icon_and_click_on_Google_Plus_icon -->
        <test-method signature="KSGCollege_Google_Plus_page_should_display()[pri:15, instance:testSuite.SocialMediaLinks@546621c4]" started-at="2023-12-12T11:45:09 IST" name="KSGCollege_Google_Plus_page_should_display" finished-at="2023-12-12T11:45:09 IST" duration-ms="1" status="PASS">
          <reporter-output>
          </reporter-output>
        </test-method> <!-- KSGCollege_Google_Plus_page_should_display -->
        <test-method is-config="true" signature="FlushReport()[pri:0, instance:testSuite.SocialMediaLinks@546621c4]" started-at="2023-12-12T11:45:09 IST" name="FlushReport" finished-at="2023-12-12T11:45:09 IST" duration-ms="374" status="PASS">
          <reporter-output>
          </reporter-output>
        </test-method> <!-- FlushReport -->
        <test-method is-config="true" signature="closeBrowser()[pri:0, instance:testSuite.SocialMediaLinks@546621c4]" started-at="2023-12-12T11:45:09 IST" name="closeBrowser" finished-at="2023-12-12T11:45:10 IST" duration-ms="593" status="PASS">
          <reporter-output>
          </reporter-output>
        </test-method> <!-- closeBrowser -->
      </class> <!-- testSuite.SocialMediaLinks -->
    </test> <!-- Default test -->
  </suite> <!-- Default suite -->
</testng-results>
