<?xml version="1.0" encoding="UTF-8"?>
<testng-results ignored="0" total="1" passed="1" failed="0" skipped="0">
  <reporter-output>
  </reporter-output>
  <suite started-at="2023-12-05T15:53:04 IST" name="Default suite" finished-at="2023-12-05T15:53:04 IST" duration-ms="76">
    <groups>
    </groups>
    <test started-at="2023-12-05T15:53:04 IST" name="Default test" finished-at="2023-12-05T15:53:04 IST" duration-ms="76">
      <class name="testRunner.TestRunner">
        <test-method signature="runCucumberTests()[pri:0, instance:testRunner.TestRunner@6bbe85a8]" started-at="2023-12-05T15:53:04 IST" name="runCucumberTests" finished-at="2023-12-05T15:53:04 IST" duration-ms="13" status="PASS">
          <reporter-output>
          </reporter-output>
        </test-method> <!-- runCucumberTests -->
      </class> <!-- testRunner.TestRunner -->
    </test> <!-- Default test -->
  </suite> <!-- Default suite -->
</testng-results>
