<?xml version="1.0" encoding="UTF-8"?>
<!-- Generated by org.testng.reporters.JUnitXMLReporter -->
<testsuite ignored="0" hostname="SVL2310" failures="0" tests="15" name="Default test" time="12.206" errors="0" timestamp="2023-12-12T11:45:09 IST">
  <testcase classname="testSuite.SocialMediaLinks" name="website_launched_with_the_url" time="0.022"/>
  <testcase classname="testSuite.SocialMediaLinks" name="Hover_on_facebook_icon1_and_click_on_facebook_icon1l" time="1.532"/>
  <testcase classname="testSuite.SocialMediaLinks" name="KSGCollege_Facebook_page_should_display1" time="0.004"/>
  <testcase classname="testSuite.SocialMediaLinks" name="Hover_on_facebook_icon2_and_click_on_facebook_icon2" time="0.212"/>
  <testcase classname="testSuite.SocialMediaLinks" name="KSGCollege_Facebook_page_should_display2" time="0.001"/>
  <testcase classname="testSuite.SocialMediaLinks" name="Hover_on_youtube_icon_and_click_on_youtube_icon" time="7.157"/>
  <testcase classname="testSuite.SocialMediaLinks" name="KSGCollege_youtube_page_should_display" time="0.003"/>
  <testcase classname="testSuite.SocialMediaLinks" name="Hover_on_instagram_icon1_and_click_on_instagram_icon1l" time="1.891"/>
  <testcase classname="testSuite.SocialMediaLinks" name="KSGCollege_instagram_page_should_display1" time="0.002"/>
  <testcase classname="testSuite.SocialMediaLinks" name="Hover_on_instagram_icon2_and_click_on_instagram_icon2" time="0.246"/>
  <testcase classname="testSuite.SocialMediaLinks" name="KSGCollege_instagram_page_should_display2" time="0.002"/>
  <testcase classname="testSuite.SocialMediaLinks" name="Hover_on_twitter_icon_and_click_on_twitter_icon" time="0.227"/>
  <testcase classname="testSuite.SocialMediaLinks" name="KSGCollege_twitter_page_should_display" time="0.002"/>
  <testcase classname="testSuite.SocialMediaLinks" name="Hover_on_Google_Plus_icon_and_click_on_Google_Plus_icon" time="0.243"/>
  <testcase classname="testSuite.SocialMediaLinks" name="KSGCollege_Google_Plus_page_should_display" time="0.001"/>
</testsuite> <!-- Default test -->
